Using pre-set license
Built from '2020.2/staging' branch; Version is '2020.2.3f1 (8ff31bc5bf5b) revision 9433883'; Using compiler version '192528614'; Build Type 'Release'
OS: 'Windows 10 Enterprise; OS build 19042.746; Version 2009; 64bit' Language: 'en' Physical Memory: 16350 MB
BatchMode: 1, IsHumanControllingUs: 0, StartBugReporterOnCrash: 0, Is64bit: 1, IsPro: 0

 COMMAND LINE ARGUMENTS:
D:\Unity 2020.2.3f1\Unity\Editor\Unity.exe
-adb2
-batchMode
-noUpm
-name
AssetImportWorker0
-projectPath
D:/arf/repo/CTD
-logFile
Logs/AssetImportWorker0.log
-srvPort
61676
Successfully changed project path to: D:/arf/repo/CTD
D:/arf/repo/CTD
Using Asset Import Pipeline V2.
Refreshing native plugins compatible for Editor in 31.20 ms, found 0 plugins.
Preloading 0 native plugins for Editor in 0.00 ms.
Initialize engine version: 2020.2.3f1 (8ff31bc5bf5b)
[Subsystems] Discovering subsystems at path D:/Unity 2020.2.3f1/Unity/Editor/Data/Resources/UnitySubsystems
[Subsystems] Discovering subsystems at path D:/arf/repo/CTD/Assets
GfxDevice: creating device client; threaded=0
Direct3D:
    Version:  Direct3D 11.0 [level 11.1]
    Renderer: NVIDIA GeForce GTX 1050 (ID=0x1c81)
    Vendor:   
    VRAM:     1977 MB
    Driver:   26.21.14.4120
Initialize mono
Mono path[0] = 'D:/Unity 2020.2.3f1/Unity/Editor/Data/Managed'
Mono path[1] = 'D:/Unity 2020.2.3f1/Unity/Editor/Data/MonoBleedingEdge/lib/mono/unityjit'
Mono config path = 'D:/Unity 2020.2.3f1/Unity/Editor/Data/MonoBleedingEdge/etc'
Using monoOptions --debugger-agent=transport=dt_socket,embedding=1,server=y,suspend=n,address=127.0.0.1:56120
Begin MonoManager ReloadAssembly
Registering precompiled unity dll's ...
Register platform support module: D:/Unity 2020.2.3f1/Unity/Editor/Data/PlaybackEngines/WindowsStandaloneSupport/UnityEditor.WindowsStandalone.Extensions.dll
Registered in 0.002104 seconds.
Native extension for WindowsStandalone target not found
Refreshing native plugins compatible for Editor in 30.93 ms, found 0 plugins.
Preloading 0 native plugins for Editor in 0.00 ms.
Unable to find bridge dll in registry for Microsoft Visual Studio Tools for Unity for C:/Program Files (x86)/Microsoft Visual Studio/2019/Community/Common7/IDE/devenv.exe
Invoked RoslynAnalysisRunner static constructor.
RoslynAnalysisRunner will not be running.
RoslynAnalysisRunner has terminated.
Mono: successfully reloaded assembly
- Completed reload, in  1.375 seconds
Platform modules already initialized, skipping
Registering precompiled user dll's ...
Registered in 0.001150 seconds.
Begin MonoManager ReloadAssembly
Native extension for WindowsStandalone target not found
Refreshing native plugins compatible for Editor in 0.31 ms, found 0 plugins.
Preloading 0 native plugins for Editor in 0.00 ms.
Invoked RoslynAnalysisRunner static constructor.
RoslynAnalysisRunner will not be running.
RoslynAnalysisRunner has terminated.
Mono: successfully reloaded assembly
- Completed reload, in  1.064 seconds
Platform modules already initialized, skipping
========================================================================
Worker process is ready to serve import requests
Launched and connected shader compiler UnityShaderCompiler.exe after 0.04 seconds
Refreshing native plugins compatible for Editor in 0.31 ms, found 0 plugins.
Preloading 0 native plugins for Editor in 0.00 ms.
Unloading 1105 Unused Serialized files (Serialized files now loaded: 0)
System memory in use before: 56.5 MB.
System memory in use after: 56.6 MB.

Unloading 9 unused Assets to reduce memory usage. Loaded Objects now: 1547.
Total: 3.169500 ms (FindLiveObjects: 0.259000 ms CreateObjectMapping: 0.059700 ms MarkObjects: 2.764500 ms  DeleteObjects: 0.084300 ms)

========================================================================
Received Import Request.
  path: Assets/Scenes
  artifactKey: Guid(2f24eeb3e0cd8314c8ee199a26c072d6) Importer(815301076,1909f56bfc062723c751e8b465ee728b)
Start importing Assets/Scenes using Guid(2f24eeb3e0cd8314c8ee199a26c072d6) Importer(815301076,1909f56bfc062723c751e8b465ee728b)  -> (artifact id: 'ec7cc6460fb57a0e70553ee3487b82d3') in 0.018879 seconds
  Import took 0.026937 seconds .

========================================================================
Received Import Request.
  Time since last request: 0.000351 seconds.
  path: Assets/Scenes/Path Finding Test - Scene.unity
  artifactKey: Guid(9fc0d4010bbf28b4594072e72b8655ab) Importer(815301076,1909f56bfc062723c751e8b465ee728b)
Start importing Assets/Scenes/Path Finding Test - Scene.unity using Guid(9fc0d4010bbf28b4594072e72b8655ab) Importer(815301076,1909f56bfc062723c751e8b465ee728b)  -> (artifact id: '8c62ac9414cb17258dc71039e102c17c') in 0.019119 seconds
  Import took 0.021295 seconds .

========================================================================
Received Prepare
Registering precompiled user dll's ...
Registered in 0.001029 seconds.
Begin MonoManager ReloadAssembly
Native extension for WindowsStandalone target not found
Refreshing native plugins compatible for Editor in 0.34 ms, found 0 plugins.
Preloading 0 native plugins for Editor in 0.00 ms.
Invoked RoslynAnalysisRunner static constructor.
RoslynAnalysisRunner will not be running.
RoslynAnalysisRunner has terminated.
Mono: successfully reloaded assembly
- Completed reload, in  0.946 seconds
Platform modules already initialized, skipping
Refreshing native plugins compatible for Editor in 0.32 ms, found 0 plugins.
Preloading 0 native plugins for Editor in 0.00 ms.
Unloading 1099 Unused Serialized files (Serialized files now loaded: 0)
System memory in use before: 56.4 MB.
System memory in use after: 56.5 MB.

Unloading 4 unused Assets to reduce memory usage. Loaded Objects now: 1549.
Total: 1.871300 ms (FindLiveObjects: 0.151800 ms CreateObjectMapping: 0.044300 ms MarkObjects: 1.641500 ms  DeleteObjects: 0.032100 ms)

========================================================================
Received Prepare
Registering precompiled user dll's ...
Registered in 0.001060 seconds.
Begin MonoManager ReloadAssembly
Native extension for WindowsStandalone target not found
Refreshing native plugins compatible for Editor in 0.33 ms, found 0 plugins.
Preloading 0 native plugins for Editor in 0.00 ms.
Invoked RoslynAnalysisRunner static constructor.
RoslynAnalysisRunner will not be running.
RoslynAnalysisRunner has terminated.
Mono: successfully reloaded assembly
- Completed reload, in  1.166 seconds
Platform modules already initialized, skipping
Refreshing native plugins compatible for Editor in 0.42 ms, found 0 plugins.
Preloading 0 native plugins for Editor in 0.00 ms.
Unloading 1099 Unused Serialized files (Serialized files now loaded: 0)
System memory in use before: 56.4 MB.
System memory in use after: 56.5 MB.

Unloading 4 unused Assets to reduce memory usage. Loaded Objects now: 1551.
Total: 2.287600 ms (FindLiveObjects: 0.256600 ms CreateObjectMapping: 0.069400 ms MarkObjects: 1.933900 ms  DeleteObjects: 0.025500 ms)

========================================================================
Received Import Request.
  Time since last request: 3860.178701 seconds.
  path: Assets/Path Finding
  artifactKey: Guid(a87b4333f53608e4eb063620d5c5820f) Importer(815301076,1909f56bfc062723c751e8b465ee728b)
Start importing Assets/Path Finding using Guid(a87b4333f53608e4eb063620d5c5820f) Importer(815301076,1909f56bfc062723c751e8b465ee728b)  -> (artifact id: '09cc2748550e96b371e998df39f82b1e') in 0.011181 seconds
  Import took 0.013805 seconds .

========================================================================
Received Import Request.
  Time since last request: 0.385597 seconds.
  path: Assets
  artifactKey: Guid(00000000000000001000000000000000) Importer(815301076,1909f56bfc062723c751e8b465ee728b)
Start importing Assets using Guid(00000000000000001000000000000000) Importer(815301076,1909f56bfc062723c751e8b465ee728b)  -> (artifact id: '653ce283d384579a24208b2e4d727c2a') in 0.007138 seconds
  Import took 0.023424 seconds .

========================================================================
Received Import Request.
  Time since last request: 11.499521 seconds.
  path: Assets/Map
  artifactKey: Guid(2f8c07f9a2b004247bfe1e3aa5a41ba7) Importer(815301076,1909f56bfc062723c751e8b465ee728b)
Start importing Assets/Map using Guid(2f8c07f9a2b004247bfe1e3aa5a41ba7) Importer(815301076,1909f56bfc062723c751e8b465ee728b)  -> (artifact id: '0d74b0d879b2ee519d37be250e78224d') in 0.007289 seconds
  Import took 0.009532 seconds .

========================================================================
Received Import Request.
  Time since last request: 0.004960 seconds.
  path: Assets/Map
  artifactKey: Guid(2f8c07f9a2b004247bfe1e3aa5a41ba7) Importer(815301076,1909f56bfc062723c751e8b465ee728b)
Start importing Assets/Map using Guid(2f8c07f9a2b004247bfe1e3aa5a41ba7) Importer(815301076,1909f56bfc062723c751e8b465ee728b)  -> (artifact id: '0d74b0d879b2ee519d37be250e78224d') in 0.002522 seconds
  Import took 0.009765 seconds .

========================================================================
Received Import Request.
  Time since last request: 11.076080 seconds.
  path: Assets/Map/Map.cs
  artifactKey: Guid(54259c4e205b6f4438ffac12e04aba26) Importer(815301076,1909f56bfc062723c751e8b465ee728b)
Start importing Assets/Map/Map.cs using Guid(54259c4e205b6f4438ffac12e04aba26) Importer(815301076,1909f56bfc062723c751e8b465ee728b)  -> (artifact id: 'c2b9e6018f5250f13b1907d36beb05db') in 0.046023 seconds
  Import took 0.048280 seconds .

========================================================================
Received Import Request.
  Time since last request: 0.168282 seconds.
  path: Assets/Map/Map.cs
  artifactKey: Guid(54259c4e205b6f4438ffac12e04aba26) Importer(815301076,1909f56bfc062723c751e8b465ee728b)
Start importing Assets/Map/Map.cs using Guid(54259c4e205b6f4438ffac12e04aba26) Importer(815301076,1909f56bfc062723c751e8b465ee728b)  -> (artifact id: 'c2b9e6018f5250f13b1907d36beb05db') in 0.002651 seconds
  Import took 0.005121 seconds .

========================================================================
Received Import Request.
  Time since last request: 5.774291 seconds.
  path: Assets/Map/Tile.cs
  artifactKey: Guid(ffeb2995681a81d4f82a7542a249198c) Importer(815301076,1909f56bfc062723c751e8b465ee728b)
Start importing Assets/Map/Tile.cs using Guid(ffeb2995681a81d4f82a7542a249198c) Importer(815301076,1909f56bfc062723c751e8b465ee728b)  -> (artifact id: '40079bd0517e27d9f3324b13acc83ee5') in 0.022826 seconds
  Import took 0.050667 seconds .

========================================================================
Received Prepare
Registering precompiled user dll's ...
Registered in 0.000885 seconds.
Begin MonoManager ReloadAssembly
Native extension for WindowsStandalone target not found
Refreshing native plugins compatible for Editor in 0.40 ms, found 0 plugins.
Preloading 0 native plugins for Editor in 0.00 ms.
Invoked RoslynAnalysisRunner static constructor.
RoslynAnalysisRunner will not be running.
RoslynAnalysisRunner has terminated.
Mono: successfully reloaded assembly
- Completed reload, in  1.072 seconds
Platform modules already initialized, skipping
Refreshing native plugins compatible for Editor in 0.31 ms, found 0 plugins.
Preloading 0 native plugins for Editor in 0.00 ms.
Unloading 1102 Unused Serialized files (Serialized files now loaded: 0)
System memory in use before: 56.5 MB.
System memory in use after: 56.6 MB.

Unloading 4 unused Assets to reduce memory usage. Loaded Objects now: 1556.
Total: 1.898800 ms (FindLiveObjects: 0.142800 ms CreateObjectMapping: 0.042700 ms MarkObjects: 1.694000 ms  DeleteObjects: 0.017900 ms)

========================================================================
Received Import Request.
  Time since last request: 30.792651 seconds.
  path: Assets/Map/MapMaker.cs
  artifactKey: Guid(d5c47c5be3854604a87c432ab59092d9) Importer(815301076,1909f56bfc062723c751e8b465ee728b)
Start importing Assets/Map/MapMaker.cs using Guid(d5c47c5be3854604a87c432ab59092d9) Importer(815301076,1909f56bfc062723c751e8b465ee728b)  -> (artifact id: 'aaa62f291d97eb0a439a3879c7eea3e6') in 0.009042 seconds
  Import took 0.011354 seconds .

========================================================================
Received Prepare
Registering precompiled user dll's ...
Registered in 0.001161 seconds.
Begin MonoManager ReloadAssembly
Native extension for WindowsStandalone target not found
Refreshing native plugins compatible for Editor in 0.46 ms, found 0 plugins.
Preloading 0 native plugins for Editor in 0.00 ms.
Invoked RoslynAnalysisRunner static constructor.
RoslynAnalysisRunner will not be running.
RoslynAnalysisRunner has terminated.
Mono: successfully reloaded assembly
- Completed reload, in  1.150 seconds
Platform modules already initialized, skipping
Refreshing native plugins compatible for Editor in 0.32 ms, found 0 plugins.
Preloading 0 native plugins for Editor in 0.00 ms.
Unloading 1102 Unused Serialized files (Serialized files now loaded: 0)
System memory in use before: 56.5 MB.
System memory in use after: 56.6 MB.

Unloading 4 unused Assets to reduce memory usage. Loaded Objects now: 1558.
Total: 2.137800 ms (FindLiveObjects: 0.212600 ms CreateObjectMapping: 0.060400 ms MarkObjects: 1.840600 ms  DeleteObjects: 0.021300 ms)

========================================================================
Received Import Request.
  Time since last request: 28.806232 seconds.
  path: Assets/Map/TileBase.cs
  artifactKey: Guid(ffeb2995681a81d4f82a7542a249198c) Importer(815301076,1909f56bfc062723c751e8b465ee728b)
Start importing Assets/Map/TileBase.cs using Guid(ffeb2995681a81d4f82a7542a249198c) Importer(815301076,1909f56bfc062723c751e8b465ee728b)  -> (artifact id: '8f963851933332d13a077bc8bcf229e6') in 0.017465 seconds
  Import took 0.040082 seconds .

========================================================================
Received Prepare
Registering precompiled user dll's ...
Registered in 0.001066 seconds.
Begin MonoManager ReloadAssembly
Native extension for WindowsStandalone target not found
Refreshing native plugins compatible for Editor in 0.52 ms, found 0 plugins.
Preloading 0 native plugins for Editor in 0.00 ms.
Invoked RoslynAnalysisRunner static constructor.
RoslynAnalysisRunner will not be running.
RoslynAnalysisRunner has terminated.
Mono: successfully reloaded assembly
- Completed reload, in  1.123 seconds
Platform modules already initialized, skipping
Refreshing native plugins compatible for Editor in 0.31 ms, found 0 plugins.
Preloading 0 native plugins for Editor in 0.00 ms.
Unloading 1102 Unused Serialized files (Serialized files now loaded: 0)
System memory in use before: 56.5 MB.
System memory in use after: 56.6 MB.

Unloading 4 unused Assets to reduce memory usage. Loaded Objects now: 1560.
Total: 2.702500 ms (FindLiveObjects: 0.334300 ms CreateObjectMapping: 0.121700 ms MarkObjects: 2.218400 ms  DeleteObjects: 0.026400 ms)

========================================================================
Received Prepare
Registering precompiled user dll's ...
Registered in 0.000942 seconds.
Begin MonoManager ReloadAssembly
Native extension for WindowsStandalone target not found
Refreshing native plugins compatible for Editor in 0.33 ms, found 0 plugins.
Preloading 0 native plugins for Editor in 0.00 ms.
Invoked RoslynAnalysisRunner static constructor.
RoslynAnalysisRunner will not be running.
RoslynAnalysisRunner has terminated.
Mono: successfully reloaded assembly
- Completed reload, in  1.085 seconds
Platform modules already initialized, skipping
Refreshing native plugins compatible for Editor in 0.32 ms, found 0 plugins.
Preloading 0 native plugins for Editor in 0.00 ms.
Unloading 1102 Unused Serialized files (Serialized files now loaded: 0)
System memory in use before: 56.6 MB.
System memory in use after: 56.7 MB.

Unloading 4 unused Assets to reduce memory usage. Loaded Objects now: 1562.
Total: 1.867900 ms (FindLiveObjects: 0.212200 ms CreateObjectMapping: 0.047900 ms MarkObjects: 1.588300 ms  DeleteObjects: 0.017400 ms)

========================================================================
Received Import Request.
  Time since last request: 59.045017 seconds.
  path: Assets/Map/TileBase.cs
  artifactKey: Guid(ffeb2995681a81d4f82a7542a249198c) Importer(815301076,1909f56bfc062723c751e8b465ee728b)
Start importing Assets/Map/TileBase.cs using Guid(ffeb2995681a81d4f82a7542a249198c) Importer(815301076,1909f56bfc062723c751e8b465ee728b)  -> (artifact id: 'f80dcdecc78b390b64f218f9bed6843d') in 0.006447 seconds
  Import took 0.009184 seconds .

========================================================================
Received Prepare
Registering precompiled user dll's ...
Registered in 0.001006 seconds.
Begin MonoManager ReloadAssembly
Native extension for WindowsStandalone target not found
Refreshing native plugins compatible for Editor in 0.43 ms, found 0 plugins.
Preloading 0 native plugins for Editor in 0.00 ms.
Invoked RoslynAnalysisRunner static constructor.
RoslynAnalysisRunner will not be running.
RoslynAnalysisRunner has terminated.
Mono: successfully reloaded assembly
- Completed reload, in  1.061 seconds
Platform modules already initialized, skipping
Refreshing native plugins compatible for Editor in 0.34 ms, found 0 plugins.
Preloading 0 native plugins for Editor in 0.00 ms.
Unloading 1102 Unused Serialized files (Serialized files now loaded: 0)
System memory in use before: 56.6 MB.
System memory in use after: 56.7 MB.

Unloading 4 unused Assets to reduce memory usage. Loaded Objects now: 1564.
Total: 1.984700 ms (FindLiveObjects: 0.156900 ms CreateObjectMapping: 0.045800 ms MarkObjects: 1.746900 ms  DeleteObjects: 0.032600 ms)

========================================================================
Received Import Request.
  Time since last request: 172.299864 seconds.
  path: Assets/Map/TileBase.cs
  artifactKey: Guid(ffeb2995681a81d4f82a7542a249198c) Importer(815301076,1909f56bfc062723c751e8b465ee728b)
Start importing Assets/Map/TileBase.cs using Guid(ffeb2995681a81d4f82a7542a249198c) Importer(815301076,1909f56bfc062723c751e8b465ee728b)  -> (artifact id: '61248791cb3f7b650188548c48cd2a23') in 0.005763 seconds
  Import took 0.008206 seconds .

========================================================================
Received Import Request.
  Time since last request: 4.367923 seconds.
  path: Assets/Path Finding/GraphTools.cs
  artifactKey: Guid(24331c591918bab41846f68345856d24) Importer(815301076,1909f56bfc062723c751e8b465ee728b)
Start importing Assets/Path Finding/GraphTools.cs using Guid(24331c591918bab41846f68345856d24) Importer(815301076,1909f56bfc062723c751e8b465ee728b)  -> (artifact id: 'f1ecdfb4c9ceb91f76e6219094a20811') in 0.007572 seconds
  Import took 0.010477 seconds .

========================================================================
Received Import Request.
  Time since last request: 0.002815 seconds.
  path: Assets/Path Finding/GraphTools.cs
  artifactKey: Guid(24331c591918bab41846f68345856d24) Importer(815301076,1909f56bfc062723c751e8b465ee728b)
Start importing Assets/Path Finding/GraphTools.cs using Guid(24331c591918bab41846f68345856d24) Importer(815301076,1909f56bfc062723c751e8b465ee728b)  -> (artifact id: 'f1ecdfb4c9ceb91f76e6219094a20811') in 0.002996 seconds
  Import took 0.005417 seconds .

========================================================================
Received Import Request.
  Time since last request: 2.346891 seconds.
  path: Assets/Path Finding/NodePointManager.cs
  artifactKey: Guid(438d2528b7b74844ab771e9cdbf6ef09) Importer(815301076,1909f56bfc062723c751e8b465ee728b)
Start importing Assets/Path Finding/NodePointManager.cs using Guid(438d2528b7b74844ab771e9cdbf6ef09) Importer(815301076,1909f56bfc062723c751e8b465ee728b)  -> (artifact id: '3c4ca8ea794843a15af36435545c97dc') in 0.008349 seconds
  Import took 0.016323 seconds .

========================================================================
Received Import Request.
  Time since last request: 0.927867 seconds.
  path: Assets/Path Finding/NodePoint.cs
  artifactKey: Guid(0b9ed3c6da5fb6f4a91211e56498e13f) Importer(815301076,1909f56bfc062723c751e8b465ee728b)
Start importing Assets/Path Finding/NodePoint.cs using Guid(0b9ed3c6da5fb6f4a91211e56498e13f) Importer(815301076,1909f56bfc062723c751e8b465ee728b)  -> (artifact id: '027ad139a06927dfe3d1f9cdc8c53417') in 0.029717 seconds
  Import took 0.052352 seconds .

========================================================================
Received Prepare
Registering precompiled user dll's ...
Registered in 0.000950 seconds.
Begin MonoManager ReloadAssembly
Native extension for WindowsStandalone target not found
Refreshing native plugins compatible for Editor in 0.41 ms, found 0 plugins.
Preloading 0 native plugins for Editor in 0.00 ms.
Invoked RoslynAnalysisRunner static constructor.
RoslynAnalysisRunner will not be running.
RoslynAnalysisRunner has terminated.
Mono: successfully reloaded assembly
- Completed reload, in  1.390 seconds
Platform modules already initialized, skipping
Refreshing native plugins compatible for Editor in 0.33 ms, found 0 plugins.
Preloading 0 native plugins for Editor in 0.00 ms.
Unloading 1102 Unused Serialized files (Serialized files now loaded: 0)
System memory in use before: 56.6 MB.
System memory in use after: 56.7 MB.

Unloading 4 unused Assets to reduce memory usage. Loaded Objects now: 1566.
Total: 2.026700 ms (FindLiveObjects: 0.255200 ms CreateObjectMapping: 0.059300 ms MarkObjects: 1.692600 ms  DeleteObjects: 0.017900 ms)

========================================================================
Received Prepare
Registering precompiled user dll's ...
Registered in 0.000876 seconds.
Begin MonoManager ReloadAssembly
Native extension for WindowsStandalone target not found
Refreshing native plugins compatible for Editor in 0.35 ms, found 0 plugins.
Preloading 0 native plugins for Editor in 0.00 ms.
Invoked RoslynAnalysisRunner static constructor.
RoslynAnalysisRunner will not be running.
RoslynAnalysisRunner has terminated.
Mono: successfully reloaded assembly
- Completed reload, in  1.153 seconds
Platform modules already initialized, skipping
Refreshing native plugins compatible for Editor in 0.33 ms, found 0 plugins.
Preloading 0 native plugins for Editor in 0.00 ms.
Unloading 1102 Unused Serialized files (Serialized files now loaded: 0)
System memory in use before: 56.6 MB.
System memory in use after: 56.7 MB.

Unloading 4 unused Assets to reduce memory usage. Loaded Objects now: 1568.
Total: 1.926100 ms (FindLiveObjects: 0.161300 ms CreateObjectMapping: 0.044000 ms MarkObjects: 1.700700 ms  DeleteObjects: 0.018000 ms)

========================================================================
Received Import Request.
  Time since last request: 370.894953 seconds.
  path: Assets/Path Finding/Node.prefab
  artifactKey: Guid(37c1fb2d39b386b4eb0b74cc4b046218) Importer(815301076,1909f56bfc062723c751e8b465ee728b)
Start importing Assets/Path Finding/Node.prefab using Guid(37c1fb2d39b386b4eb0b74cc4b046218) Importer(815301076,1909f56bfc062723c751e8b465ee728b)  -> (artifact id: '8f0fe3d6f81b826e9abc3a7492b835aa') in 0.415794 seconds
  Import took 0.418543 seconds .

========================================================================
Received Import Request.
  Time since last request: 0.409764 seconds.
  path: Assets/Path Finding/Test.cs
  artifactKey: Guid(43f3ebff9c8e0d14e836e34de8ba5be7) Importer(815301076,1909f56bfc062723c751e8b465ee728b)
Start importing Assets/Path Finding/Test.cs using Guid(43f3ebff9c8e0d14e836e34de8ba5be7) Importer(815301076,1909f56bfc062723c751e8b465ee728b)  -> (artifact id: '80f96ff1be233c13f638a4d2fc48d9dc') in 0.020000 seconds
  Import took 0.022806 seconds .

========================================================================
Received Prepare
Registering precompiled user dll's ...
Registered in 0.000891 seconds.
Begin MonoManager ReloadAssembly
Native extension for WindowsStandalone target not found
Refreshing native plugins compatible for Editor in 0.31 ms, found 0 plugins.
Preloading 0 native plugins for Editor in 0.00 ms.
Invoked RoslynAnalysisRunner static constructor.
RoslynAnalysisRunner will not be running.
RoslynAnalysisRunner has terminated.
Mono: successfully reloaded assembly
- Completed reload, in  0.928 seconds
Platform modules already initialized, skipping
Refreshing native plugins compatible for Editor in 0.42 ms, found 0 plugins.
Preloading 0 native plugins for Editor in 0.00 ms.
Unloading 1102 Unused Serialized files (Serialized files now loaded: 0)
System memory in use before: 59.7 MB.
System memory in use after: 59.8 MB.

Unloading 5 unused Assets to reduce memory usage. Loaded Objects now: 1578.
Total: 1.992700 ms (FindLiveObjects: 0.153000 ms CreateObjectMapping: 0.042800 ms MarkObjects: 1.758000 ms  DeleteObjects: 0.037200 ms)

========================================================================
Received Import Request.
  Time since last request: 323.221786 seconds.
  path: Assets/Map/Map.cs
  artifactKey: Guid(54259c4e205b6f4438ffac12e04aba26) Importer(815301076,1909f56bfc062723c751e8b465ee728b)
Start importing Assets/Map/Map.cs using Guid(54259c4e205b6f4438ffac12e04aba26) Importer(815301076,1909f56bfc062723c751e8b465ee728b)  -> (artifact id: '6c2a5d0d9b5c97de05bd9e60166b4c00') in 0.010650 seconds
  Import took 0.027075 seconds .

AssetImportWorkerClient::OnTransportError - code=2 error=End of file
